[debug] [2018-05-18T14:05:43.679Z] ----------------------------------------------------------------------
[debug] [2018-05-18T14:05:43.681Z] Command:       /usr/local/Cellar/node/10.1.0/bin/node /usr/local/bin/firebase deploy
[debug] [2018-05-18T14:05:43.681Z] CLI Version:   3.17.7
[debug] [2018-05-18T14:05:43.681Z] Platform:      darwin
[debug] [2018-05-18T14:05:43.681Z] Node Version:  v10.1.0
[debug] [2018-05-18T14:05:43.682Z] Time:          Fri May 18 2018 22:05:43 GMT+0800 (+08)
[debug] [2018-05-18T14:05:43.682Z] ----------------------------------------------------------------------
[debug] 
[debug] [2018-05-18T14:05:43.701Z] > command requires scopes: ["email","openid","https://www.googleapis.com/auth/cloudplatformprojects.readonly","https://www.googleapis.com/auth/firebase","https://www.googleapis.com/auth/cloud-platform"]
[debug] [2018-05-18T14:05:43.701Z] > authorizing via signed-in user
[debug] [2018-05-18T14:05:43.704Z] >>> HTTP REQUEST GET https://admin.firebase.com/v1/projects/chatastrophe-71814  
  
 Fri May 18 2018 22:05:43 GMT+0800 (+08)
[debug] [2018-05-18T14:05:44.878Z] <<< HTTP RESPONSE 200
[debug] [2018-05-18T14:05:44.879Z] >>> HTTP REQUEST GET https://admin.firebase.com/v1/database/chatastrophe-71814/tokens  
  
 Fri May 18 2018 22:05:44 GMT+0800 (+08)
[debug] [2018-05-18T14:05:45.848Z] <<< HTTP RESPONSE 200
[info] 
[info] === Deploying to 'chatastrophe-71814'...
[info] 
[info] i  deploying functions, hosting
[debug] [2018-05-18T14:05:47.333Z] > [functions] package.json contents: {
  "name": "functions",
  "description": "Cloud Functions for Firebase",
  "dependencies": {
    "firebase-admin": "^5.12.1",
    "firebase-functions": "^1.0.2"
  },
  "private": true
}
[info] i  functions: ensuring necessary APIs are enabled...
[debug] [2018-05-18T14:05:47.335Z] >>> HTTP REQUEST GET https://servicemanagement.googleapis.com/v1/services/cloudfunctions.googleapis.com/projectSettings/chatastrophe-71814?view=CONSUMER_VIEW  
  
 Fri May 18 2018 22:05:47 GMT+0800 (+08)
[debug] [2018-05-18T14:05:47.335Z] >>> HTTP REQUEST GET https://servicemanagement.googleapis.com/v1/services/runtimeconfig.googleapis.com/projectSettings/chatastrophe-71814?view=CONSUMER_VIEW  
  
 Fri May 18 2018 22:05:47 GMT+0800 (+08)
[debug] [2018-05-18T14:05:49.154Z] <<< HTTP RESPONSE 200
[debug] [2018-05-18T14:05:49.271Z] <<< HTTP RESPONSE 200
[info] ✔  functions: all necessary APIs are enabled
[debug] [2018-05-18T14:05:49.272Z] >>> HTTP REQUEST GET https://cloudresourcemanager.googleapis.com/v1/projects/chatastrophe-71814  
  
 Fri May 18 2018 22:05:49 GMT+0800 (+08)
[debug] [2018-05-18T14:05:50.777Z] <<< HTTP RESPONSE 200
[debug] [2018-05-18T14:05:50.778Z] >>> HTTP REQUEST GET https://mobilesdk-pa.googleapis.com/v1/projects/506698762542:getServerAppConfig  
  
 Fri May 18 2018 22:05:50 GMT+0800 (+08)
[debug] [2018-05-18T14:05:51.769Z] <<< HTTP RESPONSE 200
[info] i  functions: preparing functions directory for uploading...
[debug] [2018-05-18T14:05:51.773Z] >>> HTTP REQUEST GET https://runtimeconfig.googleapis.com/v1beta1/projects/chatastrophe-71814/configs  
  
 Fri May 18 2018 22:05:51 GMT+0800 (+08)
[debug] [2018-05-18T14:05:52.371Z] <<< HTTP RESPONSE 200
[debug] [2018-05-18T14:05:52.372Z] >>> HTTP REQUEST GET https://runtimeconfig.googleapis.com/v1beta1/projects/chatastrophe-71814/configs/service_account/variables  
  
 Fri May 18 2018 22:05:52 GMT+0800 (+08)
[debug] [2018-05-18T14:05:52.898Z] <<< HTTP RESPONSE 200
[debug] [2018-05-18T14:05:52.900Z] >>> HTTP REQUEST GET https://runtimeconfig.googleapis.com/v1beta1/projects/chatastrophe-71814/configs/service_account/variables/token_uri  
  
 Fri May 18 2018 22:05:52 GMT+0800 (+08)
[debug] [2018-05-18T14:05:52.900Z] >>> HTTP REQUEST GET https://runtimeconfig.googleapis.com/v1beta1/projects/chatastrophe-71814/configs/service_account/variables/auth_uri  
  
 Fri May 18 2018 22:05:52 GMT+0800 (+08)
[debug] [2018-05-18T14:05:52.900Z] >>> HTTP REQUEST GET https://runtimeconfig.googleapis.com/v1beta1/projects/chatastrophe-71814/configs/service_account/variables/private_key  
  
 Fri May 18 2018 22:05:52 GMT+0800 (+08)
[debug] [2018-05-18T14:05:52.901Z] >>> HTTP REQUEST GET https://runtimeconfig.googleapis.com/v1beta1/projects/chatastrophe-71814/configs/service_account/variables/client_id  
  
 Fri May 18 2018 22:05:52 GMT+0800 (+08)
[debug] [2018-05-18T14:05:52.901Z] >>> HTTP REQUEST GET https://runtimeconfig.googleapis.com/v1beta1/projects/chatastrophe-71814/configs/service_account/variables/client_x509_cert_url  
  
 Fri May 18 2018 22:05:52 GMT+0800 (+08)
[debug] [2018-05-18T14:05:52.901Z] >>> HTTP REQUEST GET https://runtimeconfig.googleapis.com/v1beta1/projects/chatastrophe-71814/configs/service_account/variables/client_email  
  
 Fri May 18 2018 22:05:52 GMT+0800 (+08)
[debug] [2018-05-18T14:05:52.901Z] >>> HTTP REQUEST GET https://runtimeconfig.googleapis.com/v1beta1/projects/chatastrophe-71814/configs/service_account/variables/private_key_id  
  
 Fri May 18 2018 22:05:52 GMT+0800 (+08)
[debug] [2018-05-18T14:05:52.901Z] >>> HTTP REQUEST GET https://runtimeconfig.googleapis.com/v1beta1/projects/chatastrophe-71814/configs/service_account/variables/project_id  
  
 Fri May 18 2018 22:05:52 GMT+0800 (+08)
[debug] [2018-05-18T14:05:52.902Z] >>> HTTP REQUEST GET https://runtimeconfig.googleapis.com/v1beta1/projects/chatastrophe-71814/configs/service_account/variables/type  
  
 Fri May 18 2018 22:05:52 GMT+0800 (+08)
[debug] [2018-05-18T14:05:52.902Z] >>> HTTP REQUEST GET https://runtimeconfig.googleapis.com/v1beta1/projects/chatastrophe-71814/configs/service_account/variables/auth_provider_x509_cert_url  
  
 Fri May 18 2018 22:05:52 GMT+0800 (+08)
[debug] [2018-05-18T14:05:53.372Z] <<< HTTP RESPONSE 200
[debug] [2018-05-18T14:05:53.401Z] <<< HTTP RESPONSE 200
[debug] [2018-05-18T14:05:53.402Z] <<< HTTP RESPONSE 200
[debug] [2018-05-18T14:05:53.414Z] <<< HTTP RESPONSE 200
[debug] [2018-05-18T14:05:53.428Z] <<< HTTP RESPONSE 200
[debug] [2018-05-18T14:05:53.429Z] <<< HTTP RESPONSE 200
[debug] [2018-05-18T14:05:53.450Z] <<< HTTP RESPONSE 200
[debug] [2018-05-18T14:05:53.461Z] <<< HTTP RESPONSE 200
[debug] [2018-05-18T14:05:53.462Z] <<< HTTP RESPONSE 200
[debug] [2018-05-18T14:05:53.473Z] <<< HTTP RESPONSE 200
[info] i  functions: packaged functions (41.77 KB) for uploading
[debug] [2018-05-18T14:05:53.740Z] >>> HTTP REQUEST POST https://cloudfunctions.googleapis.com/v1/projects/chatastrophe-71814/locations/us-central1/functions:generateUploadUrl  
  
 Fri May 18 2018 22:05:53 GMT+0800 (+08)
[debug] [2018-05-18T14:06:24.290Z] <<< HTTP RESPONSE 503
[debug] [2018-05-18T14:06:24.292Z] <<< HTTP RESPONSE BODY {
  "error": {
    "code": 503,
    "message": "The service is currently unavailable.",
    "status": "UNAVAILABLE"
  }
}

[debug] [2018-05-18T14:06:24.294Z] TypeError: Cannot create property 'error' on string '{
  "error": {
    "code": 503,
    "message": "The service is currently unavailable.",
    "status": "UNAVAILABLE"
  }
}
'
    at module.exports (/usr/local/lib/node_modules/firebase-tools/lib/responseToError.js:11:16)
    at Request._callback (/usr/local/lib/node_modules/firebase-tools/lib/api.js:45:25)
    at Request.self.callback (/usr/local/lib/node_modules/firebase-tools/node_modules/request/request.js:186:22)
    at Request.emit (events.js:182:13)
    at Request.EventEmitter.emit (domain.js:442:20)
    at Request.<anonymous> (/usr/local/lib/node_modules/firebase-tools/node_modules/request/request.js:1163:10)
    at Request.emit (events.js:182:13)
    at Request.EventEmitter.emit (domain.js:442:20)
    at IncomingMessage.<anonymous> (/usr/local/lib/node_modules/firebase-tools/node_modules/request/request.js:1085:12)
    at Object.onceWrapper (events.js:273:13)
[error] 
[error] Error: An unexpected error has occurred.
